<?xml version="1.0" encoding="UTF-8"?>
<!-- Generated by org.testng.reporters.JUnitReportReporter -->
<testsuite skipped="0" hostname="DESKTOP-GPITC13" name="orangehrm.testcases.AdminLoginTestwithValidData" tests="1" failures="0" timestamp="30 Mar 2023 11:06:11 GMT" time="10.714" errors="0">
  <testcase name="checkAdminLogin" time="10.714" classname="orangehrm.testcases.AdminLoginTestwithValidData"/>
</testsuite> <!-- orangehrm.testcases.AdminLoginTestwithValidData -->
