<?xml version="1.0" encoding="UTF-8"?>
<!-- Generated by org.testng.reporters.JUnitReportReporter -->
<testsuite skipped="0" hostname="DESKTOP-GPITC13" name="orangehrm.testcases.AdminLoginTestwithInvalidData" tests="1" failures="0" timestamp="30 Mar 2023 11:06:11 GMT" time="2.737" errors="0">
  <testcase name="checkAdminLogin" time="2.737" classname="orangehrm.testcases.AdminLoginTestwithInvalidData"/>
</testsuite> <!-- orangehrm.testcases.AdminLoginTestwithInvalidData -->
